<?xml version="1.0" encoding="UTF-8"?>
<testng-results total="1" passed="1" failed="0" skipped="0">
  <reporter-output>
    <line>
      <![CDATA[Apllication Open]]>
    </line>
    <line>
      <![CDATA[login sucessfull]]>
    </line>
    <line>
      <![CDATA[logout sucessfull]]>
    </line>
    <line>
      <![CDATA[Application close]]>
    </line>
  </reporter-output>
  <suite started-at="2020-06-08T19:11:13Z" name="Default suite" finished-at="2020-06-08T19:11:38Z" duration-ms="24755">
    <groups>
    </groups>
    <test started-at="2020-06-08T19:11:13Z" name="Default test" finished-at="2020-06-08T19:11:38Z" duration-ms="24755">
      <class name="com.hrms.testscripts.TC_01">
        <test-method signature="TC_001()[pri:0, instance:com.hrms.testscripts.TC_01@101952da]" started-at="2020-06-09T00:41:13Z" name="TC_001" finished-at="2020-06-09T00:41:38Z" duration-ms="24728" status="PASS">
          <reporter-output>
            <line>
              <![CDATA[Apllication Open]]>
            </line>
            <line>
              <![CDATA[login sucessfull]]>
            </line>
            <line>
              <![CDATA[logout sucessfull]]>
            </line>
            <line>
              <![CDATA[Application close]]>
            </line>
          </reporter-output>
        </test-method> <!-- TC_001 -->
      </class> <!-- com.hrms.testscripts.TC_01 -->
    </test> <!-- Default test -->
  </suite> <!-- Default suite -->
</testng-results>
